[debug] [2023-12-01T08:26:41.150Z] ----------------------------------------------------------------------
[debug] [2023-12-01T08:26:41.153Z] Command:       C:\Program Files\nodejs\node.exe C:\Users\DoryRutayisire\AppData\Roaming\npm\node_modules\firebase-tools\lib\bin\firebase.js init
[debug] [2023-12-01T08:26:41.153Z] CLI Version:   12.9.1
[debug] [2023-12-01T08:26:41.153Z] Platform:      win32
[debug] [2023-12-01T08:26:41.153Z] Node Version:  v20.9.0
[debug] [2023-12-01T08:26:41.154Z] Time:          Fri Dec 01 2023 10:26:41 GMT+0200 (Central Africa Time)
[debug] [2023-12-01T08:26:41.154Z] ----------------------------------------------------------------------
[debug] 
[debug] [2023-12-01T08:26:41.228Z] > command requires scopes: ["email","openid","https://www.googleapis.com/auth/cloudplatformprojects.readonly","https://www.googleapis.com/auth/firebase","https://www.googleapis.com/auth/cloud-platform"]
[debug] [2023-12-01T08:26:41.228Z] > authorizing via signed-in user (r.tetad@gmail.com)
[info] 
     ######## #### ########  ######## ########     ###     ######  ########
     ##        ##  ##     ## ##       ##     ##  ##   ##  ##       ##
     ######    ##  ########  ######   ########  #########  ######  ######
     ##        ##  ##    ##  ##       ##     ## ##     ##       ## ##
     ##       #### ##     ## ######## ########  ##     ##  ######  ########

You're about to initialize a Firebase project in this directory:

  C:\Users\DoryRutayisire\repos\StartWave-2.0

Before we get started, keep in mind:

  * You are initializing within an existing Firebase project directory

[info] 
=== Project Setup
[info] 
[info] First, let's associate this project directory with a Firebase project.
[info] You can create multiple project aliases by running firebase use --add, 
[info] but for now we'll just set up a default project.
[info] 
[debug] [2023-12-01T08:27:48.901Z] Using project from CLI flag: startwave-9f85e
[debug] [2023-12-01T08:27:48.903Z] >>> [apiv2][query] GET https://firebase.googleapis.com/v1beta1/projects/startwave-9f85e [none]
[debug] [2023-12-01T08:27:49.578Z] <<< [apiv2][status] GET https://firebase.googleapis.com/v1beta1/projects/startwave-9f85e 200
[debug] [2023-12-01T08:27:49.579Z] <<< [apiv2][body] GET https://firebase.googleapis.com/v1beta1/projects/startwave-9f85e {"projectId":"startwave-9f85e","projectNumber":"681095735042","displayName":"startwave","name":"projects/startwave-9f85e","resources":{"hostingSite":"startwave-9f85e","realtimeDatabaseInstance":"startwave-9f85e-default-rtdb"},"state":"ACTIVE","etag":"1_d8862fa6-5de4-4508-a003-66102779e626"}
[info] i  Using project startwave-9f85e (startwave) 
[info] 
=== Database Setup
[info] i  database: ensuring required API firebasedatabase.googleapis.com is enabled... 
[debug] [2023-12-01T08:27:49.587Z] >>> [apiv2][query] GET https://serviceusage.googleapis.com/v1/projects/startwave-9f85e/services/firebasedatabase.googleapis.com [none]
[debug] [2023-12-01T08:27:49.587Z] >>> [apiv2][(partial)header] GET https://serviceusage.googleapis.com/v1/projects/startwave-9f85e/services/firebasedatabase.googleapis.com x-goog-quota-user=projects/startwave-9f85e
[debug] [2023-12-01T08:27:51.570Z] <<< [apiv2][status] GET https://serviceusage.googleapis.com/v1/projects/startwave-9f85e/services/firebasedatabase.googleapis.com 200
[debug] [2023-12-01T08:27:51.570Z] <<< [apiv2][body] GET https://serviceusage.googleapis.com/v1/projects/startwave-9f85e/services/firebasedatabase.googleapis.com [omitted]
[info] +  database: required API firebasedatabase.googleapis.com is enabled 
[info] 
[debug] [2023-12-01T08:27:51.571Z] >>> [apiv2][query] GET https://firebasedatabase.googleapis.com/v1beta/projects/startwave-9f85e/locations/-/instances/startwave-9f85e-default-rtdb [none]
[debug] [2023-12-01T08:27:53.468Z] <<< [apiv2][status] GET https://firebasedatabase.googleapis.com/v1beta/projects/startwave-9f85e/locations/-/instances/startwave-9f85e-default-rtdb 200
[debug] [2023-12-01T08:27:53.468Z] <<< [apiv2][body] GET https://firebasedatabase.googleapis.com/v1beta/projects/startwave-9f85e/locations/-/instances/startwave-9f85e-default-rtdb {"name":"projects/681095735042/locations/europe-west1/instances/startwave-9f85e-default-rtdb","project":"projects/681095735042","databaseUrl":"https://startwave-9f85e-default-rtdb.europe-west1.firebasedatabase.app","type":"DEFAULT_DATABASE","state":"ACTIVE"}
[info] 
[info] Firebase Realtime Database Security Rules allow you to define how your data should be
[info] structured and when your data can be read from and written to.
[info] 
[debug] [2023-12-01T08:28:06.323Z] >>> [apiv2][query] GET https://startwave-9f85e-default-rtdb.europe-west1.firebasedatabase.app/.settings/rules.json [none]
[debug] [2023-12-01T08:28:06.967Z] <<< [apiv2][status] GET https://startwave-9f85e-default-rtdb.europe-west1.firebasedatabase.app/.settings/rules.json 200
[debug] [2023-12-01T08:28:06.967Z] <<< [apiv2][body] GET https://startwave-9f85e-default-rtdb.europe-west1.firebasedatabase.app/.settings/rules.json [stream]
[info] +  Database Rules for startwave-9f85e-default-rtdb have been written to database.rules.json. 
[info] Future modifications to database.rules.json will update Realtime Database Security Rules when you run
[info] firebase deploy.
[info] 
=== Firestore Setup
[debug] [2023-12-01T08:28:06.970Z] >>> [apiv2][query] GET https://serviceusage.googleapis.com/v1/projects/startwave-9f85e/services/firestore.googleapis.com [none]
[debug] [2023-12-01T08:28:06.970Z] >>> [apiv2][(partial)header] GET https://serviceusage.googleapis.com/v1/projects/startwave-9f85e/services/firestore.googleapis.com x-goog-quota-user=projects/startwave-9f85e
[debug] [2023-12-01T08:28:08.694Z] <<< [apiv2][status] GET https://serviceusage.googleapis.com/v1/projects/startwave-9f85e/services/firestore.googleapis.com 200
[debug] [2023-12-01T08:28:08.694Z] <<< [apiv2][body] GET https://serviceusage.googleapis.com/v1/projects/startwave-9f85e/services/firestore.googleapis.com [omitted]
[debug] [2023-12-01T08:28:08.694Z] >>> [apiv2][query] GET https://firestore.googleapis.com/v1/projects/startwave-9f85e/databases/(default) [none]
[debug] [2023-12-01T08:28:09.938Z] <<< [apiv2][status] GET https://firestore.googleapis.com/v1/projects/startwave-9f85e/databases/(default) 200
[debug] [2023-12-01T08:28:09.938Z] <<< [apiv2][body] GET https://firestore.googleapis.com/v1/projects/startwave-9f85e/databases/(default) {"name":"projects/startwave-9f85e/databases/(default)","uid":"fbd33204-6f83-4fc9-9946-c74a52ed6044","createTime":"2023-12-01T08:12:33.601421Z","updateTime":"2023-12-01T08:12:33.601421Z","locationId":"europe-west2","type":"FIRESTORE_NATIVE","concurrencyMode":"PESSIMISTIC","versionRetentionPeriod":"3600s","earliestVersionTime":"2023-12-01T08:12:33.601421Z","appEngineIntegrationMode":"DISABLED","keyPrefix":"g","pointInTimeRecoveryEnablement":"POINT_IN_TIME_RECOVERY_DISABLED","deleteProtectionState":"DELETE_PROTECTION_DISABLED","etag":"IITIpePo7YIDMJ7fzO7l7YID"}
[debug] [2023-12-01T08:28:09.938Z] database_type: FIRESTORE_NATIVE
[debug] [2023-12-01T08:28:09.938Z] > command requires scopes: ["email","openid","https://www.googleapis.com/auth/cloudplatformprojects.readonly","https://www.googleapis.com/auth/firebase","https://www.googleapis.com/auth/cloud-platform"]
[debug] [2023-12-01T08:28:09.938Z] > authorizing via signed-in user (r.tetad@gmail.com)
[debug] [2023-12-01T08:28:09.938Z] [iam] checking project startwave-9f85e for permissions ["firebase.projects.get"]
[debug] [2023-12-01T08:28:09.939Z] >>> [apiv2][query] POST https://cloudresourcemanager.googleapis.com/v1/projects/startwave-9f85e:testIamPermissions [none]
[debug] [2023-12-01T08:28:09.939Z] >>> [apiv2][(partial)header] POST https://cloudresourcemanager.googleapis.com/v1/projects/startwave-9f85e:testIamPermissions x-goog-quota-user=projects/startwave-9f85e
[debug] [2023-12-01T08:28:09.939Z] >>> [apiv2][body] POST https://cloudresourcemanager.googleapis.com/v1/projects/startwave-9f85e:testIamPermissions {"permissions":["firebase.projects.get"]}
[debug] [2023-12-01T08:28:11.852Z] <<< [apiv2][status] POST https://cloudresourcemanager.googleapis.com/v1/projects/startwave-9f85e:testIamPermissions 200
[debug] [2023-12-01T08:28:11.852Z] <<< [apiv2][body] POST https://cloudresourcemanager.googleapis.com/v1/projects/startwave-9f85e:testIamPermissions {"permissions":["firebase.projects.get"]}
[info] 
[info] Firestore Security Rules allow you to define how and when to allow
[info] requests. You can keep these rules in your project directory
[info] and publish them with firebase deploy.
[info] 
[debug] [2023-12-01T08:28:15.846Z] >>> [apiv2][query] GET https://firebaserules.googleapis.com/v1/projects/startwave-9f85e/releases pageSize=10&pageToken=
[debug] [2023-12-01T08:28:16.583Z] <<< [apiv2][status] GET https://firebaserules.googleapis.com/v1/projects/startwave-9f85e/releases 200
[debug] [2023-12-01T08:28:16.584Z] <<< [apiv2][body] GET https://firebaserules.googleapis.com/v1/projects/startwave-9f85e/releases {"releases":[{"name":"projects/startwave-9f85e/releases/cloud.firestore","rulesetName":"projects/startwave-9f85e/rulesets/7e459f46-f055-4e31-ae7b-11a0ddc18a55","createTime":"2023-12-01T08:12:39.522683Z","updateTime":"2023-12-01T08:12:39.522683Z"}]}
[debug] [2023-12-01T08:28:16.584Z] Found ruleset: projects/startwave-9f85e/rulesets/7e459f46-f055-4e31-ae7b-11a0ddc18a55
[debug] [2023-12-01T08:28:16.584Z] >>> [apiv2][query] GET https://firebaserules.googleapis.com/v1/projects/startwave-9f85e/rulesets/7e459f46-f055-4e31-ae7b-11a0ddc18a55 [none]
[debug] [2023-12-01T08:28:17.400Z] <<< [apiv2][status] GET https://firebaserules.googleapis.com/v1/projects/startwave-9f85e/rulesets/7e459f46-f055-4e31-ae7b-11a0ddc18a55 200
[debug] [2023-12-01T08:28:17.400Z] <<< [apiv2][body] GET https://firebaserules.googleapis.com/v1/projects/startwave-9f85e/rulesets/7e459f46-f055-4e31-ae7b-11a0ddc18a55 [omitted]
[info] 
[info] Firestore indexes allow you to perform complex queries while
[info] maintaining performance that scales with the size of the result
[info] set. You can keep index definitions in your project directory
[info] and publish them with firebase deploy.
[info] 
[debug] [2023-12-01T08:28:19.418Z] >>> [apiv2][query] GET https://firestore.googleapis.com/v1/projects/startwave-9f85e/databases/(default)/collectionGroups/-/indexes [none]
[debug] [2023-12-01T08:28:19.420Z] >>> [apiv2][query] GET https://firestore.googleapis.com/v1/projects/startwave-9f85e/databases/(default)/collectionGroups/-/fields?filter=indexConfig.usesAncestorConfig=false OR ttlConfig:* [none]
[debug] [2023-12-01T08:28:20.611Z] <<< [apiv2][status] GET https://firestore.googleapis.com/v1/projects/startwave-9f85e/databases/(default)/collectionGroups/-/fields?filter=indexConfig.usesAncestorConfig=false OR ttlConfig:* 200
[debug] [2023-12-01T08:28:20.611Z] <<< [apiv2][body] GET https://firestore.googleapis.com/v1/projects/startwave-9f85e/databases/(default)/collectionGroups/-/fields?filter=indexConfig.usesAncestorConfig=false OR ttlConfig:* {"fields":[{"name":"projects/startwave-9f85e/databases/(default)/collectionGroups/__default__/fields/*","indexConfig":{"indexes":[{"queryScope":"COLLECTION","fields":[{"fieldPath":"*","order":"ASCENDING"}],"state":"READY"},{"queryScope":"COLLECTION","fields":[{"fieldPath":"*","order":"DESCENDING"}],"state":"READY"},{"queryScope":"COLLECTION","fields":[{"fieldPath":"*","arrayConfig":"CONTAINS"}],"state":"READY"}]}}]}
[debug] [2023-12-01T08:28:20.628Z] <<< [apiv2][status] GET https://firestore.googleapis.com/v1/projects/startwave-9f85e/databases/(default)/collectionGroups/-/indexes 200
[debug] [2023-12-01T08:28:20.628Z] <<< [apiv2][body] GET https://firestore.googleapis.com/v1/projects/startwave-9f85e/databases/(default)/collectionGroups/-/indexes {}
[info] 
=== Functions Setup
[debug] [2023-12-01T08:28:20.630Z] > command requires scopes: ["email","openid","https://www.googleapis.com/auth/cloudplatformprojects.readonly","https://www.googleapis.com/auth/firebase","https://www.googleapis.com/auth/cloud-platform"]
[debug] [2023-12-01T08:28:20.630Z] > authorizing via signed-in user (r.tetad@gmail.com)
[debug] [2023-12-01T08:28:20.630Z] [iam] checking project startwave-9f85e for permissions ["firebase.projects.get"]
[debug] [2023-12-01T08:28:20.631Z] >>> [apiv2][query] POST https://cloudresourcemanager.googleapis.com/v1/projects/startwave-9f85e:testIamPermissions [none]
[debug] [2023-12-01T08:28:20.631Z] >>> [apiv2][(partial)header] POST https://cloudresourcemanager.googleapis.com/v1/projects/startwave-9f85e:testIamPermissions x-goog-quota-user=projects/startwave-9f85e
[debug] [2023-12-01T08:28:20.631Z] >>> [apiv2][body] POST https://cloudresourcemanager.googleapis.com/v1/projects/startwave-9f85e:testIamPermissions {"permissions":["firebase.projects.get"]}
[debug] [2023-12-01T08:28:22.216Z] <<< [apiv2][status] POST https://cloudresourcemanager.googleapis.com/v1/projects/startwave-9f85e:testIamPermissions 200
[debug] [2023-12-01T08:28:22.216Z] <<< [apiv2][body] POST https://cloudresourcemanager.googleapis.com/v1/projects/startwave-9f85e:testIamPermissions {"permissions":["firebase.projects.get"]}
[debug] [2023-12-01T08:28:22.216Z] >>> [apiv2][query] GET https://serviceusage.googleapis.com/v1/projects/startwave-9f85e/services/cloudfunctions.googleapis.com [none]
[debug] [2023-12-01T08:28:22.217Z] >>> [apiv2][(partial)header] GET https://serviceusage.googleapis.com/v1/projects/startwave-9f85e/services/cloudfunctions.googleapis.com x-goog-quota-user=projects/startwave-9f85e
[debug] [2023-12-01T08:28:22.218Z] >>> [apiv2][query] GET https://serviceusage.googleapis.com/v1/projects/startwave-9f85e/services/runtimeconfig.googleapis.com [none]
[debug] [2023-12-01T08:28:22.219Z] >>> [apiv2][(partial)header] GET https://serviceusage.googleapis.com/v1/projects/startwave-9f85e/services/runtimeconfig.googleapis.com x-goog-quota-user=projects/startwave-9f85e
[debug] [2023-12-01T08:28:23.892Z] <<< [apiv2][status] GET https://serviceusage.googleapis.com/v1/projects/startwave-9f85e/services/runtimeconfig.googleapis.com 200
[debug] [2023-12-01T08:28:23.892Z] <<< [apiv2][body] GET https://serviceusage.googleapis.com/v1/projects/startwave-9f85e/services/runtimeconfig.googleapis.com [omitted]
[debug] [2023-12-01T08:28:23.899Z] <<< [apiv2][status] GET https://serviceusage.googleapis.com/v1/projects/startwave-9f85e/services/cloudfunctions.googleapis.com 200
[debug] [2023-12-01T08:28:23.899Z] <<< [apiv2][body] GET https://serviceusage.googleapis.com/v1/projects/startwave-9f85e/services/cloudfunctions.googleapis.com [omitted]
[info] 
Detected existing codebase(s): default

[info] 
Overwriting codebase default...

[info] +  Wrote functions/requirements.txt 
[info] +  Wrote functions/.gitignore 
[info] +  Wrote functions/main.py 
[debug] [2023-12-01T08:28:44.817Z] Running command with virtualenv: command="C:\Users\DoryRutayisire\repos\StartWave-2.0\functions\venv\Scripts\activate.bat", args=["","&&","pip3","install","--upgrade","pip"]
[debug] [2023-12-01T08:28:45.319Z] Error: spawn "C:\Users\DoryRutayisire\repos\StartWave-2.0\functions\venv\Scripts\activate.bat" ENOENT
    at notFoundError (C:\Users\DoryRutayisire\AppData\Roaming\npm\node_modules\firebase-tools\node_modules\cross-spawn\lib\enoent.js:6:26)
    at verifyENOENT (C:\Users\DoryRutayisire\AppData\Roaming\npm\node_modules\firebase-tools\node_modules\cross-spawn\lib\enoent.js:40:16)
    at cp.emit (C:\Users\DoryRutayisire\AppData\Roaming\npm\node_modules\firebase-tools\node_modules\cross-spawn\lib\enoent.js:27:25)
    at ChildProcess._handle.onexit (node:internal/child_process:294:12)
[error] 
[error] Error: An unexpected error has occurred.
